1550591928102	mozrunner::runner	INFO	Running command: "/usr/bin/firefox" "-marionette" "-foreground" "-no-remote" "-profile" "/tmp/rust_mozprofile.8jD8ecVfmwO7"
1550591928656	addons.webextension.screenshots@mozilla.org	WARN	Loading extension 'screenshots@mozilla.org': Reading manifest: Invalid host permission: resource://pdf.js/
1550591928656	addons.webextension.screenshots@mozilla.org	WARN	Loading extension 'screenshots@mozilla.org': Reading manifest: Invalid host permission: about:reader*

(firefox:5208): Gtk-WARNING **: 16:58:49.024: Theme parsing error: <data>:1:34: Expected ')' in color definition

(firefox:5208): Gtk-WARNING **: 16:58:49.024: Theme parsing error: <data>:1:77: Expected ')' in color definition
1550591930558	Marionette	INFO	Listening on port 35925
1550591930662	Marionette	WARN	TLS certificate errors will be ignored for this session
1550591976920	mozrunner::runner	INFO	Running command: "/usr/bin/firefox" "-marionette" "-foreground" "-no-remote" "-profile" "/tmp/rust_mozprofile.MC0qSdcb2V0i"
1550591977322	addons.webextension.screenshots@mozilla.org	WARN	Loading extension 'screenshots@mozilla.org': Reading manifest: Invalid host permission: resource://pdf.js/
1550591977323	addons.webextension.screenshots@mozilla.org	WARN	Loading extension 'screenshots@mozilla.org': Reading manifest: Invalid host permission: about:reader*

(firefox:5538): Gtk-WARNING **: 16:59:37.638: Theme parsing error: <data>:1:34: Expected ')' in color definition

(firefox:5538): Gtk-WARNING **: 16:59:37.638: Theme parsing error: <data>:1:77: Expected ')' in color definition
1550591979049	Marionette	INFO	Listening on port 38523
1550591979127	Marionette	WARN	TLS certificate errors will be ignored for this session
1550592016253	Marionette	INFO	Stopped listening on port 38523
1550592109124	mozrunner::runner	INFO	Running command: "/usr/bin/firefox" "-marionette" "-foreground" "-no-remote" "-profile" "/tmp/rust_mozprofile.AGeR2padj4Lf"
1550592109504	addons.webextension.screenshots@mozilla.org	WARN	Loading extension 'screenshots@mozilla.org': Reading manifest: Invalid host permission: resource://pdf.js/
1550592109504	addons.webextension.screenshots@mozilla.org	WARN	Loading extension 'screenshots@mozilla.org': Reading manifest: Invalid host permission: about:reader*

(firefox:5900): Gtk-WARNING **: 17:01:49.840: Theme parsing error: <data>:1:34: Expected ')' in color definition

(firefox:5900): Gtk-WARNING **: 17:01:49.840: Theme parsing error: <data>:1:77: Expected ')' in color definition
1550592111358	Marionette	INFO	Listening on port 33619
1550592111473	Marionette	WARN	TLS certificate errors will be ignored for this session
1550592139684	Marionette	INFO	Stopped listening on port 33619
JavaScript error: resource://gre/modules/WebProgressChild.jsm, line 58: TypeError: this.mm.content is null
